<?xml version="1.0" encoding="utf-8"?><testsuites><testsuite name="pytest" errors="0" failures="0" skipped="0" tests="3" time="27.366" timestamp="2023-01-16T11:10:05.785497" hostname="amjath-hp-laptop-15g-dr0xxx"><testcase classname="test_HomePage.TestHomePage" name="test_formSubmission[getData0]" time="7.267" /><testcase classname="test_HomePage.TestHomePage" name="test_formSubmission[getData1]" time="3.010" /><testcase classname="test_e2e.TestOne" name="test_e2e" time="16.996" /></testsuite></testsuites>